2025-01-31 02:39:25,018 - INFO - Waiting until 9:58 AM Italian time to start (sleeping for 26314.981858 seconds)...
2025-01-31 02:40:02,343 - INFO - Stopping the WebSocket client...
2025-02-02 11:18:45,597 - INFO - Waiting until 9:58 AM Italian time to start (sleeping for 81554.402074 seconds)...
2025-02-02 11:18:58,255 - INFO - Stopping the WebSocket client...
2025-02-02 11:22:10,037 - INFO - Waiting until 9:58 AM Italian time to start (sleeping for 81349.963993 seconds)...
2025-02-02 11:22:19,584 - INFO - Stopping the WebSocket client...
2025-02-02 11:22:33,380 - INFO - Waiting until 9:58 AM Italian time to start (sleeping for 81326.619544 seconds)...
2025-02-02 11:22:41,402 - INFO - Stopping the WebSocket client...
2025-02-02 11:38:29,598 - INFO - Waiting until 9:58 AM Italian time to start (sleeping for 30.401795 seconds)...
2025-02-02 11:39:00,005 - INFO - Will stop at 10:58 AM Italian time (sleeping for 59.994465 seconds)...
2025-02-02 11:40:00,010 - INFO - Stopping the WebSocket client...
2025-02-02 11:40:43,418 - INFO - Waiting until 9:58 AM Italian time to start (sleeping for 16.581232 seconds)...
2025-02-02 11:41:00,004 - INFO - Will stop at 10:58 AM Italian time (sleeping for 59.996262 seconds)...
2025-02-02 11:42:00,011 - INFO - Stopping the WebSocket client...
2025-02-02 11:44:08,795 - INFO - Waiting until 9:58 AM Italian time to start (sleeping for 51.204037 seconds)...
2025-02-02 11:45:00,008 - WARNING - No valid symbol found. The thread will not be started.
2025-02-02 11:45:00,009 - INFO - Will stop at 10:58 AM Italian time (sleeping for 59.990503 seconds)...
2025-02-02 11:46:00,010 - INFO - Stopping the WebSocket client...
2025-02-02 11:46:40,345 - INFO - Waiting until 9:58 AM Italian time to start (sleeping for 19.654727 seconds)...
2025-02-02 11:47:00,033 - INFO - Will stop at 10:58 AM Italian time (sleeping for 59.966487 seconds)...
2025-02-02 11:47:00,962 - INFO - Websocket connected
2025-02-02 11:47:00,963 - INFO - Connected to Yahoo Finance WebSocket for SEVN.
2025-02-02 11:48:00,010 - INFO - Stopping the WebSocket client...
2025-02-02 11:57:58,542 - INFO - Waiting until start time (sleeping for 1.458239 seconds)...
2025-02-02 11:57:59,046 - INFO - Stopping the WebSocket client...
2025-02-02 11:58:01,885 - INFO - Waiting until start time (sleeping for 86398.115506 seconds)...
2025-02-02 11:58:09,452 - INFO - Stopping the WebSocket client...
2025-02-02 11:58:23,301 - INFO - Waiting until start time (sleeping for 36.698763 seconds)...
2025-02-02 11:59:00,007 - INFO - Will stop at end time (sleeping for 59.992334 seconds)...
2025-02-02 11:59:00,921 - INFO - Websocket connected
2025-02-02 11:59:00,921 - INFO - Connected to Yahoo Finance WebSocket for SEVN.
2025-02-02 12:00:00,007 - INFO - Stopping the WebSocket client...
2025-02-02 12:00:00,112 - INFO - WebSocket connection closed.
